Copyright 1986-2016 Xilinx, Inc. All Rights Reserved.
-------------------------------------------------------------------------------------------------------------------------------
| Tool Version : Vivado v.2016.3 (lin64) Build 1682563 Mon Oct 10 19:07:26 MDT 2016
| Date         : Tue Mar 14 15:16:27 2017
| Host         : BLACK-BOX running 64-bit unknown
| Command      : report_methodology -file NexysVideo_A_methodology_drc_routed.rpt -rpx NexysVideo_A_methodology_drc_routed.rpx
| Design       : NexysVideo_A
| Device       : xc7a200tsbg484-1
| Speed File   : -1
| Design State : Routed
-------------------------------------------------------------------------------------------------------------------------------

Report Methodology

Table of Contents
-----------------
1. REPORT SUMMARY
2. REPORT DETAILS

1. REPORT SUMMARY
-----------------
            Netlist: netlist
          Floorplan: design_1
      Design limits: <entire design considered>
             Max violations: <unlimited>
             Violations found: 10
+-----------+----------+-------------------------------+------------+
| Rule      | Severity | Description                   | Violations |
+-----------+----------+-------------------------------+------------+
| TIMING-18 | Warning  | Missing input or output delay | 10         |
+-----------+----------+-------------------------------+------------+

2. REPORT DETAILS
-----------------
TIMING-18#1 Warning
Missing input or output delay  
An input delay is missing on uart_in relative to clock(s) sysclk_clock 
Related violations: <none>

TIMING-18#2 Warning
Missing input or output delay  
An input delay is missing on uart_out relative to clock(s) sysclk_clock 
Related violations: <none>

TIMING-18#3 Warning
Missing input or output delay  
An output delay is missing on led[0] relative to clock(s) sysclk_clock 
Related violations: <none>

TIMING-18#4 Warning
Missing input or output delay  
An output delay is missing on led[1] relative to clock(s) sysclk_clock 
Related violations: <none>

TIMING-18#5 Warning
Missing input or output delay  
An output delay is missing on led[2] relative to clock(s) sysclk_clock 
Related violations: <none>

TIMING-18#6 Warning
Missing input or output delay  
An output delay is missing on led[3] relative to clock(s) sysclk_clock 
Related violations: <none>

TIMING-18#7 Warning
Missing input or output delay  
An output delay is missing on led[4] relative to clock(s) sysclk_clock 
Related violations: <none>

TIMING-18#8 Warning
Missing input or output delay  
An output delay is missing on led[5] relative to clock(s) sysclk_clock 
Related violations: <none>

TIMING-18#9 Warning
Missing input or output delay  
An output delay is missing on led[6] relative to clock(s) sysclk_clock 
Related violations: <none>

TIMING-18#10 Warning
Missing input or output delay  
An output delay is missing on led[7] relative to clock(s) sysclk_clock 
Related violations: <none>


